<?xml version="1.0" encoding="UTF-8"?>
<testng-results ignored="0" total="1" passed="1" failed="0" skipped="0">
  <reporter-output>
  </reporter-output>
  <suite started-at="2021-06-21T16:06:06Z" name="Default suite" finished-at="2021-06-21T16:06:19Z" duration-ms="13059">
    <groups>
    </groups>
    <test started-at="2021-06-21T16:06:06Z" name="Default test" finished-at="2021-06-21T16:06:19Z" duration-ms="13059">
      <class name="com.DollarDaysTeam3.TestCases.TC_LoginTest_007">
        <test-method is-config="true" signature="setup(java.lang.String)[pri:0, instance:com.DollarDaysTeam3.TestCases.TC_LoginTest_007@6a47b187]" started-at="2021-06-21T16:06:06Z" name="setup" finished-at="2021-06-21T16:06:12Z" duration-ms="6519" status="PASS">
          <params>
            <param index="0">
              <value>
                <![CDATA[chrome]]>
              </value>
            </param>
          </params>
          <reporter-output>
          </reporter-output>
        </test-method> <!-- setup -->
        <test-method signature="ValidateChkBox()[pri:0, instance:com.DollarDaysTeam3.TestCases.TC_LoginTest_007@6a47b187]" started-at="2021-06-21T16:06:12Z" name="ValidateChkBox" finished-at="2021-06-21T16:06:18Z" duration-ms="6209" status="PASS">
          <reporter-output>
          </reporter-output>
        </test-method> <!-- ValidateChkBox -->
        <test-method is-config="true" signature="teardown()[pri:0, instance:com.DollarDaysTeam3.TestCases.TC_LoginTest_007@6a47b187]" started-at="2021-06-21T16:06:18Z" name="teardown" finished-at="2021-06-21T16:06:19Z" duration-ms="304" status="PASS">
          <reporter-output>
          </reporter-output>
        </test-method> <!-- teardown -->
      </class> <!-- com.DollarDaysTeam3.TestCases.TC_LoginTest_007 -->
    </test> <!-- Default test -->
  </suite> <!-- Default suite -->
</testng-results>
